<?xml version="1.0" encoding="UTF-8"?>
<!-- Generated by org.testng.reporters.JUnitReportReporter -->
<testsuite hostname="DESKTOP-B0FE53H" failures="0" tests="1" name="New.pratices.Demo" time="38.280" errors="0" timestamp="08 Jan 2024 11:37:08 GMT" skipped="0">
  <testcase classname="New.pratices.Demo" name="tc01" time="38.280"/>
</testsuite> <!-- New.pratices.Demo -->
